{"level":"info","message":"Connected to database"}
{"level":"info","message":"test  login"}
{"level":"info","message":"Connected to database"}
{"level":"info","message":"Connected to database"}
{"level":"info","message":"test  login"}
{"level":"info","message":"Connected to database"}
{"level":"info","message":"test2  login"}
{"level":"info","message":"test2logout"}
{"level":"info","message":"test  login"}
{"level":"info","message":"test  login"}
{"level":"info","message":"testlogout"}
{"level":"info","message":"test  login"}
{"level":"info","message":"testlogout"}
{"level":"info","message":"test  login"}
{"level":"info","message":"testlogout"}
{"level":"info","message":"test2  login"}
{"level":"info","message":"test2logout"}
{"level":"info","message":"test  login"}
{"level":"info","message":"qqqq  login"}
{"level":"info","message":"qqqqlogout"}
